<?xml version="1.0" encoding="UTF-8"?>
<testng-results ignored="0" total="1" passed="1" failed="0" skipped="0">
  <reporter-output>
  </reporter-output>
  <suite started-at="2023-11-16T15:41:11 IST" name="Default suite" finished-at="2023-11-16T15:41:23 IST" duration-ms="12089">
    <groups>
    </groups>
    <test started-at="2023-11-16T15:41:11 IST" name="Default test" finished-at="2023-11-16T15:41:23 IST" duration-ms="12089">
      <class name="cent.qa.tests.CustomerAccountTests">
        <test-method is-config="true" signature="setUp()[pri:0, instance:cent.qa.tests.CustomerAccountTests@69e1dd28]" started-at="2023-11-16T15:41:11 IST" name="setUp" finished-at="2023-11-16T15:41:17 IST" duration-ms="5851" status="PASS">
          <reporter-output>
          </reporter-output>
        </test-method> <!-- setUp -->
        <test-method signature="createCustomerAccount()[pri:1, instance:cent.qa.tests.CustomerAccountTests@69e1dd28]" started-at="2023-11-16T15:41:17 IST" name="createCustomerAccount" finished-at="2023-11-16T15:41:23 IST" duration-ms="5886" status="PASS">
          <reporter-output>
          </reporter-output>
        </test-method> <!-- createCustomerAccount -->
        <test-method is-config="true" signature="tearDown()[pri:0, instance:cent.qa.tests.CustomerAccountTests@69e1dd28]" started-at="2023-11-16T15:41:23 IST" name="tearDown" finished-at="2023-11-16T15:41:23 IST" duration-ms="305" status="PASS">
          <reporter-output>
          </reporter-output>
        </test-method> <!-- tearDown -->
      </class> <!-- cent.qa.tests.CustomerAccountTests -->
    </test> <!-- Default test -->
  </suite> <!-- Default suite -->
</testng-results>
